#
# A fatal error has been detected by the Java Runtime Environment:
#
#  Internal Error (javaClasses.cpp:129), pid=3756, tid=2516
#  fatal error: Invalid layout of preloaded class
#
# JRE version: 7.0_15-b03
# Java VM: Java HotSpot(TM) Client VM (23.7-b01 mixed mode windows-x86 )
# Failed to write core dump. Minidumps are not enabled by default on client versions of Windows
#
# If you would like to submit a bug report, please visit:
#   http://bugreport.sun.com/bugreport/crash.jsp
#

---------------  T H R E A D  ---------------

Current thread (0x01d0a800):  JavaThread "Unknown thread" [_thread_in_vm, id=2516, stack(0x01aa0000,0x01af0000)]

Stack: [0x01aa0000,0x01af0000],  sp=0x01aef9f8,  free space=318k
Native frames: (J=compiled Java code, j=interpreted, Vv=VM code, C=native code)
V  [jvm.dll+0x16f261]
V  [jvm.dll+0x1693d6]
V  [jvm.dll+0x2079f]
V  [jvm.dll+0x20826]
V  [jvm.dll+0x2e5bd]
V  [jvm.dll+0x2e869]
V  [jvm.dll+0x77ba1]
V  [jvm.dll+0x77f5b]
V  [jvm.dll+0x1290e1]
V  [jvm.dll+0x149b3a]
V  [jvm.dll+0xa98df]
C  [javaw.exe+0x13ca]
C  [javaw.exe+0x1e3c]
C  [javaw.exe+0xa5a1]
C  [javaw.exe+0xa62b]
C  [KERNEL32.DLL+0x1866]  BaseThreadInitThunk+0x12
C  [ntdll.dll+0x368f1]  LdrInitializeThunk+0x1a3
C  [ntdll.dll+0x3689d]  LdrInitializeThunk+0x14f


---------------  P R O C E S S  ---------------

Java Threads: ( => current thread )

Other Threads:

=>0x01d0a800 (exited) JavaThread "Unknown thread" [_thread_in_vm, id=2516, stack(0x01aa0000,0x01af0000)]

VM state:not at safepoint (not fully initialized)

VM Mutex/Monitor currently owned by a thread: None

GC Heap History (0 events):
No events

Deoptimization events (0 events):
No events

Internal exceptions (0 events):
No events

Events (10 events):
Event: 0.031 loading class 0x01b83630 done
Event: 0.031 loading class 0x01b64e50 done
Event: 0.031 loading class 0x01b64bd0
Event: 0.032 loading class 0x01b8b940
Event: 0.032 loading class 0x01b8b940 done
Event: 0.032 loading class 0x01b8b828
Event: 0.032 loading class 0x01b8b828 done
Event: 0.032 loading class 0x01bd0450
Event: 0.032 loading class 0x01bd0450 done
Event: 0.032 loading class 0x01b64bd0 done


Dynamic libraries:
0x009f0000 - 0x00a1f000 	C:\Program Files\Java\jre7\bin\javaw.exe
0x76fe0000 - 0x77147000 	C:\Windows\SYSTEM32\ntdll.dll
0x76e00000 - 0x76ef8000 	C:\Windows\system32\KERNEL32.DLL
0x746f0000 - 0x747ad000 	C:\Windows\system32\KERNELBASE.dll
0x76010000 - 0x760be000 	C:\Windows\system32\ADVAPI32.dll
0x76200000 - 0x76321000 	C:\Windows\system32\USER32.dll
0x72a50000 - 0x72c47000 	C:\Windows\WinSxS\x86_microsoft.windows.common-controls_6595b64144ccf1df_6.0.9200.16384_none_893961408605e985\COMCTL32.dll
0x76a10000 - 0x76ac1000 	C:\Windows\system32\msvcrt.dll
0x75c20000 - 0x75c54000 	C:\Windows\SYSTEM32\sechost.dll
0x76f00000 - 0x76fd2000 	C:\Windows\system32\RPCRT4.dll
0x76500000 - 0x7660a000 	C:\Windows\system32\GDI32.dll
0x75c60000 - 0x75c8b000 	C:\Windows\system32\IMM32.DLL
0x74a70000 - 0x74b4c000 	C:\Windows\system32\MSCTF.dll
0x70f30000 - 0x70fee000 	C:\Program Files\Java\jre7\bin\msvcr100.dll
0x6f090000 - 0x6f3dc000 	C:\Program Files\Java\jre7\bin\client\jvm.dll
0x6aa90000 - 0x6aa98000 	C:\Windows\SYSTEM32\WSOCK32.dll
0x71ee0000 - 0x71f01000 	C:\Windows\SYSTEM32\WINMM.dll
0x76a00000 - 0x76a06000 	C:\Windows\system32\PSAPI.DLL
0x75c90000 - 0x75ce0000 	C:\Windows\system32\WS2_32.dll
0x70d50000 - 0x70d7a000 	C:\Windows\SYSTEM32\WINMMBASE.dll
0x75f20000 - 0x75f28000 	C:\Windows\system32\NSI.dll
0x72520000 - 0x7252c000 	C:\Program Files\Java\jre7\bin\verify.dll
0x71f50000 - 0x71f70000 	C:\Program Files\Java\jre7\bin\java.dll
0x71f30000 - 0x71f43000 	C:\Program Files\Java\jre7\bin\zip.dll
0x5ed20000 - 0x5ee49000 	C:\Windows\SYSTEM32\dbghelp.dll

VM Arguments:
jvm_args: -Dfile.encoding=Cp1251 -Xbootclasspath:D:\ANDROID\IDE\adt-bundle-windows-x86-20130717\adt-bundle-windows-x86-20130717\sdk\platforms\android-17\android.jar 
java_command: com.moby.MainClass
Launcher Type: SUN_STANDARD

Environment Variables:
PATH=C:/Program Files/Java/jre7/bin/client;C:/Program Files/Java/jre7/bin;C:/Program Files/Java/jre7/lib/i386;C:\Windows\system32;C:\Windows;C:\Windows\System32\Wbem;C:\Windows\System32\WindowsPowerShell\v1.0\;D:\ANDROID\IDE\adt-bundle-windows-x86-20130717\adt-bundle-windows-x86-20130717\eclipse;
USERNAME=Максим
OS=Windows_NT
PROCESSOR_IDENTIFIER=x86 Family 6 Model 15 Stepping 10, GenuineIntel



---------------  S Y S T E M  ---------------

OS: Windows 8 Build 9200 

CPU:total 2 (2 cores per cpu, 1 threads per core) family 6 model 15 stepping 10, cmov, cx8, fxsr, mmx, sse, sse2, sse3, ssse3, tsc

Memory: 4k page, physical 3143684k(1768816k free), swap 6289412k(4691884k free)

vm_info: Java HotSpot(TM) Client VM (23.7-b01) for windows-x86 JRE (1.7.0_15-b03), built on Feb 15 2013 14:01:25 by "java_re" with unknown MS VC++:1600

time: Tue Aug 27 23:19:24 2013
elapsed time: 0 seconds

